# JRE version: Java(TM) SE Runtime Environment (8.0_66-b18) (build 1.8.0_66-b18)
# Java VM: Java HotSpot(TM) 64-Bit Server VM (25.66-b18 mixed mode windows-amd64 compressed oops)
Heap:
 PSYoungGen      total 120320K, used 51553K [0x00000000f5580000, 0x00000000fcc00000, 0x0000000100000000)
  eden space 119808K, 43% used [0x00000000f5580000,0x00000000f87d8440,0x00000000fca80000)
  from space 512K, 0% used [0x00000000fcb00000,0x00000000fcb00000,0x00000000fcb80000)
  to   space 512K, 0% used [0x00000000fcb80000,0x00000000fcb80000,0x00000000fcc00000)
 ParOldGen       total 98816K, used 50887K [0x00000000e0000000, 0x00000000e6080000, 0x00000000f5580000)
  object space 98816K, 51% used [0x00000000e0000000,0x00000000e31b1ca0,0x00000000e6080000)
 Metaspace       used 91591K, capacity 99368K, committed 99584K, reserved 1134592K
  class space    used 11037K, capacity 13447K, committed 13568K, reserved 1048576K
GC Heap History (10 events):
Event: 30490.212 GC heap before
{Heap before GC invocations=1024 (full 507):
 PSYoungGen      total 120832K, used 160K [0x00000000f5580000, 0x00000000fcc80000, 0x0000000100000000)
  eden space 119808K, 0% used [0x00000000f5580000,0x00000000f5580000,0x00000000fca80000)
  from space 1024K, 15% used [0x00000000fca80000,0x00000000fcaa8000,0x00000000fcb80000)
  to   space 1024K, 0% used [0x00000000fcb80000,0x00000000fcb80000,0x00000000fcc80000)
 ParOldGen       total 98816K, used 50887K [0x00000000e0000000, 0x00000000e6080000, 0x00000000f5580000)
  object space 98816K, 51% used [0x00000000e0000000,0x00000000e31b1ca0,0x00000000e6080000)
 Metaspace       used 90808K, capacity 98702K, committed 98944K, reserved 1134592K
  class space    used 10950K, capacity 13380K, committed 13440K, reserved 1048576K
Event: 30490.305 GC heap after
Heap after GC invocations=1024 (full 507):
 PSYoungGen      total 120832K, used 0K [0x00000000f5580000, 0x00000000fcc80000, 0x0000000100000000)
  eden space 119808K, 0% used [0x00000000f5580000,0x00000000f5580000,0x00000000fca80000)
  from space 1024K, 0% used [0x00000000fca80000,0x00000000fca80000,0x00000000fcb80000)
  to   space 1024K, 0% used [0x00000000fcb80000,0x00000000fcb80000,0x00000000fcc80000)
 ParOldGen       total 98816K, used 50887K [0x00000000e0000000, 0x00000000e6080000, 0x00000000f5580000)
  object space 98816K, 51% used [0x00000000e0000000,0x00000000e31b1ca0,0x00000000e6080000)
 Metaspace       used 90808K, capacity 98702K, committed 98944K, reserved 1134592K
  class space    used 10950K, capacity 13380K, committed 13440K, reserved 1048576K
}
Event: 30550.220 GC heap before
{Heap before GC invocations=1025 (full 507):
 PSYoungGen      total 120832K, used 4129K [0x00000000f5580000, 0x00000000fcc80000, 0x0000000100000000)
  eden space 119808K, 3% used [0x00000000f5580000,0x00000000f59887a0,0x00000000fca80000)
  from space 1024K, 0% used [0x00000000fca80000,0x00000000fca80000,0x00000000fcb80000)
  to   space 1024K, 0% used [0x00000000fcb80000,0x00000000fcb80000,0x00000000fcc80000)
 ParOldGen       total 98816K, used 50887K [0x00000000e0000000, 0x00000000e6080000, 0x00000000f5580000)
  object space 98816K, 51% used [0x00000000e0000000,0x00000000e31b1ca0,0x00000000e6080000)
 Metaspace       used 90808K, capacity 98702K, committed 98944K, reserved 1134592K
  class space    used 10950K, capacity 13380K, committed 13440K, reserved 1048576K
Event: 30550.223 GC heap after
Heap after GC invocations=1025 (full 507):
 PSYoungGen      total 120320K, used 192K [0x00000000f5580000, 0x00000000fcc00000, 0x0000000100000000)
  eden space 119808K, 0% used [0x00000000f5580000,0x00000000f5580000,0x00000000fca80000)
  from space 512K, 37% used [0x00000000fcb80000,0x00000000fcbb0000,0x00000000fcc00000)
  to   space 512K, 0% used [0x00000000fcb00000,0x00000000fcb00000,0x00000000fcb80000)
 ParOldGen       total 98816K, used 50887K [0x00000000e0000000, 0x00000000e6080000, 0x00000000f5580000)
  object space 98816K, 51% used [0x00000000e0000000,0x00000000e31b1ca0,0x00000000e6080000)
 Metaspace       used 90808K, capacity 98702K, committed 98944K, reserved 1134592K
  class space    used 10950K, capacity 13380K, committed 13440K, reserved 1048576K
}
Event: 30550.223 GC heap before
{Heap before GC invocations=1026 (full 508):
 PSYoungGen      total 120320K, used 192K [0x00000000f5580000, 0x00000000fcc00000, 0x0000000100000000)
  eden space 119808K, 0% used [0x00000000f5580000,0x00000000f5580000,0x00000000fca80000)
  from space 512K, 37% used [0x00000000fcb80000,0x00000000fcbb0000,0x00000000fcc00000)
  to   space 512K, 0% used [0x00000000fcb00000,0x00000000fcb00000,0x00000000fcb80000)
 ParOldGen       total 98816K, used 50887K [0x00000000e0000000, 0x00000000e6080000, 0x00000000f5580000)
  object space 98816K, 51% used [0x00000000e0000000,0x00000000e31b1ca0,0x00000000e6080000)
 Metaspace       used 90808K, capacity 98702K, committed 98944K, reserved 1134592K
  class space    used 10950K, capacity 13380K, committed 13440K, reserved 1048576K
Event: 30550.318 GC heap after
Heap after GC invocations=1026 (full 508):
 PSYoungGen      total 120320K, used 0K [0x00000000f5580000, 0x00000000fcc00000, 0x0000000100000000)
  eden space 119808K, 0% used [0x00000000f5580000,0x00000000f5580000,0x00000000fca80000)
  from space 512K, 0% used [0x00000000fcb80000,0x00000000fcb80000,0x00000000fcc00000)
  to   space 512K, 0% used [0x00000000fcb00000,0x00000000fcb00000,0x00000000fcb80000)
 ParOldGen       total 98816K, used 50887K [0x00000000e0000000, 0x00000000e6080000, 0x00000000f5580000)
  object space 98816K, 51% used [0x00000000e0000000,0x00000000e31b1ca0,0x00000000e6080000)
 Metaspace       used 90808K, capacity 98702K, committed 98944K, reserved 1134592K
  class space    used 10950K, capacity 13380K, committed 13440K, reserved 1048576K
}
Event: 30610.230 GC heap before
{Heap before GC invocations=1027 (full 508):
 PSYoungGen      total 120320K, used 4121K [0x00000000f5580000, 0x00000000fcc00000, 0x0000000100000000)
  eden space 119808K, 3% used [0x00000000f5580000,0x00000000f59866c0,0x00000000fca80000)
  from space 512K, 0% used [0x00000000fcb80000,0x00000000fcb80000,0x00000000fcc00000)
  to   space 512K, 0% used [0x00000000fcb00000,0x00000000fcb00000,0x00000000fcb80000)
 ParOldGen       total 98816K, used 50887K [0x00000000e0000000, 0x00000000e6080000, 0x00000000f5580000)
  object space 98816K, 51% used [0x00000000e0000000,0x00000000e31b1ca0,0x00000000e6080000)
 Metaspace       used 90808K, capacity 98702K, committed 98944K, reserved 1134592K
  class space    used 10950K, capacity 13380K, committed 13440K, reserved 1048576K
Event: 30610.233 GC heap after
Heap after GC invocations=1027 (full 508):
 PSYoungGen      total 120320K, used 128K [0x00000000f5580000, 0x00000000fcc00000, 0x0000000100000000)
  eden space 119808K, 0% used [0x00000000f5580000,0x00000000f5580000,0x00000000fca80000)
  from space 512K, 25% used [0x00000000fcb00000,0x00000000fcb20000,0x00000000fcb80000)
  to   space 512K, 0% used [0x00000000fcb80000,0x00000000fcb80000,0x00000000fcc00000)
 ParOldGen       total 98816K, used 50887K [0x00000000e0000000, 0x00000000e6080000, 0x00000000f5580000)
  object space 98816K, 51% used [0x00000000e0000000,0x00000000e31b1ca0,0x00000000e6080000)
 Metaspace       used 90808K, capacity 98702K, committed 98944K, reserved 1134592K
  class space    used 10950K, capacity 13380K, committed 13440K, reserved 1048576K
}
Event: 30610.233 GC heap before
{Heap before GC invocations=1028 (full 509):
 PSYoungGen      total 120320K, used 128K [0x00000000f5580000, 0x00000000fcc00000, 0x0000000100000000)
  eden space 119808K, 0% used [0x00000000f5580000,0x00000000f5580000,0x00000000fca80000)
  from space 512K, 25% used [0x00000000fcb00000,0x00000000fcb20000,0x00000000fcb80000)
  to   space 512K, 0% used [0x00000000fcb80000,0x00000000fcb80000,0x00000000fcc00000)
 ParOldGen       total 98816K, used 50887K [0x00000000e0000000, 0x00000000e6080000, 0x00000000f5580000)
  object space 98816K, 51% used [0x00000000e0000000,0x00000000e31b1ca0,0x00000000e6080000)
 Metaspace       used 90808K, capacity 98702K, committed 98944K, reserved 1134592K
  class space    used 10950K, capacity 13380K, committed 13440K, reserved 1048576K
Event: 30610.326 GC heap after
Heap after GC invocations=1028 (full 509):
 PSYoungGen      total 120320K, used 0K [0x00000000f5580000, 0x00000000fcc00000, 0x0000000100000000)
  eden space 119808K, 0% used [0x00000000f5580000,0x00000000f5580000,0x00000000fca80000)
  from space 512K, 0% used [0x00000000fcb00000,0x00000000fcb00000,0x00000000fcb80000)
  to   space 512K, 0% used [0x00000000fcb80000,0x00000000fcb80000,0x00000000fcc00000)
 ParOldGen       total 98816K, used 50887K [0x00000000e0000000, 0x00000000e6080000, 0x00000000f5580000)
  object space 98816K, 51% used [0x00000000e0000000,0x00000000e31b1ca0,0x00000000e6080000)
 Metaspace       used 90808K, capacity 98702K, committed 98944K, reserved 1134592K
  class space    used 10950K, capacity 13380K, committed 13440K, reserved 1048576K
}

