# JRE version: Java(TM) SE Runtime Environment (8.0_66-b18) (build 1.8.0_66-b18)
# Java VM: Java HotSpot(TM) 64-Bit Server VM (25.66-b18 mixed mode windows-amd64 compressed oops)
Heap:
 PSYoungGen      total 131072K, used 19642K [0x00000000f5580000, 0x00000000ffb80000, 0x0000000100000000)
  eden space 94208K, 11% used [0x00000000f5580000,0x00000000f6039ed0,0x00000000fb180000)
  from space 36864K, 23% used [0x00000000fd780000,0x00000000fdff4970,0x00000000ffb80000)
  to   space 37888K, 0% used [0x00000000fb180000,0x00000000fb180000,0x00000000fd680000)
 ParOldGen       total 104448K, used 66793K [0x00000000e0000000, 0x00000000e6600000, 0x00000000f5580000)
  object space 104448K, 63% used [0x00000000e0000000,0x00000000e413a5c8,0x00000000e6600000)
 Metaspace       used 95153K, capacity 103258K, committed 103448K, reserved 1138688K
  class space    used 11674K, capacity 14125K, committed 14128K, reserved 1048576K
GC Heap History (10 events):
Event: 77.358 GC heap before
{Heap before GC invocations=16 (full 4):
 PSYoungGen      total 129536K, used 30900K [0x00000000f5580000, 0x0000000100000000, 0x0000000100000000)
  eden space 90624K, 0% used [0x00000000f5580000,0x00000000f5580000,0x00000000fae00000)
  from space 38912K, 79% used [0x00000000fda00000,0x00000000ff82d0d0,0x0000000100000000)
  to   space 41984K, 0% used [0x00000000fae00000,0x00000000fae00000,0x00000000fd700000)
 ParOldGen       total 104448K, used 44090K [0x00000000e0000000, 0x00000000e6600000, 0x00000000f5580000)
  object space 104448K, 42% used [0x00000000e0000000,0x00000000e2b0eb70,0x00000000e6600000)
 Metaspace       used 85389K, capacity 92930K, committed 93080K, reserved 1130496K
  class space    used 10441K, capacity 12676K, committed 12720K, reserved 1048576K
Event: 77.635 GC heap after
Heap after GC invocations=16 (full 4):
 PSYoungGen      total 129536K, used 0K [0x00000000f5580000, 0x0000000100000000, 0x0000000100000000)
  eden space 90624K, 0% used [0x00000000f5580000,0x00000000f5580000,0x00000000fae00000)
  from space 38912K, 0% used [0x00000000fda00000,0x00000000fda00000,0x0000000100000000)
  to   space 41984K, 0% used [0x00000000fae00000,0x00000000fae00000,0x00000000fd700000)
 ParOldGen       total 104448K, used 66761K [0x00000000e0000000, 0x00000000e6600000, 0x00000000f5580000)
  object space 104448K, 63% used [0x00000000e0000000,0x00000000e41325c8,0x00000000e6600000)
 Metaspace       used 85389K, capacity 92930K, committed 93080K, reserved 1130496K
  class space    used 10441K, capacity 12676K, committed 12720K, reserved 1048576K
}
Event: 84.888 GC heap before
{Heap before GC invocations=17 (full 4):
 PSYoungGen      total 129536K, used 90624K [0x00000000f5580000, 0x0000000100000000, 0x0000000100000000)
  eden space 90624K, 100% used [0x00000000f5580000,0x00000000fae00000,0x00000000fae00000)
  from space 38912K, 0% used [0x00000000fda00000,0x00000000fda00000,0x0000000100000000)
  to   space 41984K, 0% used [0x00000000fae00000,0x00000000fae00000,0x00000000fd700000)
 ParOldGen       total 104448K, used 66761K [0x00000000e0000000, 0x00000000e6600000, 0x00000000f5580000)
  object space 104448K, 63% used [0x00000000e0000000,0x00000000e41325c8,0x00000000e6600000)
 Metaspace       used 86062K, capacity 93538K, committed 93720K, reserved 1130496K
  class space    used 10485K, capacity 12772K, committed 12848K, reserved 1048576K
Event: 84.891 GC heap after
Heap after GC invocations=17 (full 4):
 PSYoungGen      total 132608K, used 3392K [0x00000000f5580000, 0x0000000100000000, 0x0000000100000000)
  eden space 90624K, 0% used [0x00000000f5580000,0x00000000f5580000,0x00000000fae00000)
  from space 41984K, 8% used [0x00000000fae00000,0x00000000fb150020,0x00000000fd700000)
  to   space 41984K, 0% used [0x00000000fd700000,0x00000000fd700000,0x0000000100000000)
 ParOldGen       total 104448K, used 66769K [0x00000000e0000000, 0x00000000e6600000, 0x00000000f5580000)
  object space 104448K, 63% used [0x00000000e0000000,0x00000000e41345c8,0x00000000e6600000)
 Metaspace       used 86062K, capacity 93538K, committed 93720K, reserved 1130496K
  class space    used 10485K, capacity 12772K, committed 12848K, reserved 1048576K
}
Event: 120.323 GC heap before
{Heap before GC invocations=18 (full 4):
 PSYoungGen      total 132608K, used 94016K [0x00000000f5580000, 0x0000000100000000, 0x0000000100000000)
  eden space 90624K, 100% used [0x00000000f5580000,0x00000000fae00000,0x00000000fae00000)
  from space 41984K, 8% used [0x00000000fae00000,0x00000000fb150020,0x00000000fd700000)
  to   space 41984K, 0% used [0x00000000fd700000,0x00000000fd700000,0x0000000100000000)
 ParOldGen       total 104448K, used 66769K [0x00000000e0000000, 0x00000000e6600000, 0x00000000f5580000)
  object space 104448K, 63% used [0x00000000e0000000,0x00000000e41345c8,0x00000000e6600000)
 Metaspace       used 88789K, capacity 96534K, committed 96792K, reserved 1132544K
  class space    used 10848K, capacity 13234K, committed 13360K, reserved 1048576K
Event: 120.331 GC heap after
Heap after GC invocations=18 (full 4):
 PSYoungGen      total 130560K, used 8512K [0x00000000f5580000, 0x00000000ffe00000, 0x0000000100000000)
  eden space 90624K, 0% used [0x00000000f5580000,0x00000000f5580000,0x00000000fae00000)
  from space 39936K, 21% used [0x00000000fd700000,0x00000000fdf50330,0x00000000ffe00000)
  to   space 40960K, 0% used [0x00000000fae00000,0x00000000fae00000,0x00000000fd600000)
 ParOldGen       total 104448K, used 66777K [0x00000000e0000000, 0x00000000e6600000, 0x00000000f5580000)
  object space 104448K, 63% used [0x00000000e0000000,0x00000000e41365c8,0x00000000e6600000)
 Metaspace       used 88789K, capacity 96534K, committed 96792K, reserved 1132544K
  class space    used 10848K, capacity 13234K, committed 13360K, reserved 1048576K
}
Event: 143.882 GC heap before
{Heap before GC invocations=19 (full 4):
 PSYoungGen      total 130560K, used 99136K [0x00000000f5580000, 0x00000000ffe00000, 0x0000000100000000)
  eden space 90624K, 100% used [0x00000000f5580000,0x00000000fae00000,0x00000000fae00000)
  from space 39936K, 21% used [0x00000000fd700000,0x00000000fdf50330,0x00000000ffe00000)
  to   space 40960K, 0% used [0x00000000fae00000,0x00000000fae00000,0x00000000fd600000)
 ParOldGen       total 104448K, used 66777K [0x00000000e0000000, 0x00000000e6600000, 0x00000000f5580000)
  object space 104448K, 63% used [0x00000000e0000000,0x00000000e41365c8,0x00000000e6600000)
 Metaspace       used 92497K, capacity 100440K, committed 100632K, reserved 1136640K
  class space    used 11358K, capacity 13779K, committed 13872K, reserved 1048576K
Event: 143.889 GC heap after
Heap after GC invocations=19 (full 4):
 PSYoungGen      total 131584K, used 10361K [0x00000000f5580000, 0x00000000ffe00000, 0x0000000100000000)
  eden space 90624K, 0% used [0x00000000f5580000,0x00000000f5580000,0x00000000fae00000)
  from space 40960K, 25% used [0x00000000fae00000,0x00000000fb81e600,0x00000000fd600000)
  to   space 39424K, 0% used [0x00000000fd780000,0x00000000fd780000,0x00000000ffe00000)
 ParOldGen       total 104448K, used 66785K [0x00000000e0000000, 0x00000000e6600000, 0x00000000f5580000)
  object space 104448K, 63% used [0x00000000e0000000,0x00000000e41385c8,0x00000000e6600000)
 Metaspace       used 92497K, capacity 100440K, committed 100632K, reserved 1136640K
  class space    used 11358K, capacity 13779K, committed 13872K, reserved 1048576K
}
Event: 283.369 GC heap before
{Heap before GC invocations=20 (full 4):
 PSYoungGen      total 131584K, used 100985K [0x00000000f5580000, 0x00000000ffe00000, 0x0000000100000000)
  eden space 90624K, 100% used [0x00000000f5580000,0x00000000fae00000,0x00000000fae00000)
  from space 40960K, 25% used [0x00000000fae00000,0x00000000fb81e600,0x00000000fd600000)
  to   space 39424K, 0% used [0x00000000fd780000,0x00000000fd780000,0x00000000ffe00000)
 ParOldGen       total 104448K, used 66785K [0x00000000e0000000, 0x00000000e6600000, 0x00000000f5580000)
  object space 104448K, 63% used [0x00000000e0000000,0x00000000e41385c8,0x00000000e6600000)
 Metaspace       used 94827K, capacity 102966K, committed 103192K, reserved 1138688K
  class space    used 11638K, capacity 14093K, committed 14128K, reserved 1048576K
Event: 283.377 GC heap after
Heap after GC invocations=20 (full 4):
 PSYoungGen      total 131072K, used 8658K [0x00000000f5580000, 0x00000000ffb80000, 0x0000000100000000)
  eden space 94208K, 0% used [0x00000000f5580000,0x00000000f5580000,0x00000000fb180000)
  from space 36864K, 23% used [0x00000000fd780000,0x00000000fdff4970,0x00000000ffb80000)
  to   space 37888K, 0% used [0x00000000fb180000,0x00000000fb180000,0x00000000fd680000)
 ParOldGen       total 104448K, used 66793K [0x00000000e0000000, 0x00000000e6600000, 0x00000000f5580000)
  object space 104448K, 63% used [0x00000000e0000000,0x00000000e413a5c8,0x00000000e6600000)
 Metaspace       used 94827K, capacity 102966K, committed 103192K, reserved 1138688K
  class space    used 11638K, capacity 14093K, committed 14128K, reserved 1048576K
}

