# JRE version: Java(TM) SE Runtime Environment (8.0_66-b18) (build 1.8.0_66-b18)
# Java VM: Java HotSpot(TM) 64-Bit Server VM (25.66-b18 mixed mode windows-amd64 compressed oops)
Heap:
 PSYoungGen      total 84480K, used 38839K [0x00000000f5580000, 0x00000000faf80000, 0x0000000100000000)
  eden space 83456K, 45% used [0x00000000f5580000,0x00000000f7a71e90,0x00000000fa700000)
  from space 1024K, 98% used [0x00000000fa700000,0x00000000fa7fc010,0x00000000fa800000)
  to   space 1536K, 0% used [0x00000000fae00000,0x00000000fae00000,0x00000000faf80000)
 ParOldGen       total 166400K, used 78297K [0x00000000e0000000, 0x00000000ea280000, 0x00000000f5580000)
  object space 166400K, 47% used [0x00000000e0000000,0x00000000e4c765c0,0x00000000ea280000)
 Metaspace       used 111865K, capacity 119924K, committed 120360K, reserved 1155072K
  class space    used 12709K, capacity 15307K, committed 15400K, reserved 1048576K
GC Heap History (10 events):
Event: 37849.847 GC heap before
{Heap before GC invocations=1294 (full 551):
 PSYoungGen      total 84480K, used 8562K [0x00000000f5580000, 0x00000000fa900000, 0x0000000100000000)
  eden space 83456K, 10% used [0x00000000f5580000,0x00000000f5ddc9c0,0x00000000fa700000)
  from space 1024K, 0% used [0x00000000fa800000,0x00000000fa800000,0x00000000fa900000)
  to   space 1024K, 0% used [0x00000000fa700000,0x00000000fa700000,0x00000000fa800000)
 ParOldGen       total 166400K, used 76504K [0x00000000e0000000, 0x00000000ea280000, 0x00000000f5580000)
  object space 166400K, 45% used [0x00000000e0000000,0x00000000e4ab6338,0x00000000ea280000)
 Metaspace       used 111368K, capacity 119620K, committed 120104K, reserved 1155072K
  class space    used 12653K, capacity 15273K, committed 15400K, reserved 1048576K
Event: 37849.850 GC heap after
Heap after GC invocations=1294 (full 551):
 PSYoungGen      total 84480K, used 512K [0x00000000f5580000, 0x00000000fa900000, 0x0000000100000000)
  eden space 83456K, 0% used [0x00000000f5580000,0x00000000f5580000,0x00000000fa700000)
  from space 1024K, 50% used [0x00000000fa700000,0x00000000fa780000,0x00000000fa800000)
  to   space 1024K, 0% used [0x00000000fa800000,0x00000000fa800000,0x00000000fa900000)
 ParOldGen       total 166400K, used 76504K [0x00000000e0000000, 0x00000000ea280000, 0x00000000f5580000)
  object space 166400K, 45% used [0x00000000e0000000,0x00000000e4ab6338,0x00000000ea280000)
 Metaspace       used 111368K, capacity 119620K, committed 120104K, reserved 1155072K
  class space    used 12653K, capacity 15273K, committed 15400K, reserved 1048576K
}
Event: 37849.850 GC heap before
{Heap before GC invocations=1295 (full 552):
 PSYoungGen      total 84480K, used 512K [0x00000000f5580000, 0x00000000fa900000, 0x0000000100000000)
  eden space 83456K, 0% used [0x00000000f5580000,0x00000000f5580000,0x00000000fa700000)
  from space 1024K, 50% used [0x00000000fa700000,0x00000000fa780000,0x00000000fa800000)
  to   space 1024K, 0% used [0x00000000fa800000,0x00000000fa800000,0x00000000fa900000)
 ParOldGen       total 166400K, used 76504K [0x00000000e0000000, 0x00000000ea280000, 0x00000000f5580000)
  object space 166400K, 45% used [0x00000000e0000000,0x00000000e4ab6338,0x00000000ea280000)
 Metaspace       used 111368K, capacity 119620K, committed 120104K, reserved 1155072K
  class space    used 12653K, capacity 15273K, committed 15400K, reserved 1048576K
Event: 37849.982 GC heap after
Heap after GC invocations=1295 (full 552):
 PSYoungGen      total 84480K, used 0K [0x00000000f5580000, 0x00000000fa900000, 0x0000000100000000)
  eden space 83456K, 0% used [0x00000000f5580000,0x00000000f5580000,0x00000000fa700000)
  from space 1024K, 0% used [0x00000000fa700000,0x00000000fa700000,0x00000000fa800000)
  to   space 1024K, 0% used [0x00000000fa800000,0x00000000fa800000,0x00000000fa900000)
 ParOldGen       total 166400K, used 76664K [0x00000000e0000000, 0x00000000ea280000, 0x00000000f5580000)
  object space 166400K, 46% used [0x00000000e0000000,0x00000000e4ade3e8,0x00000000ea280000)
 Metaspace       used 111368K, capacity 119620K, committed 120104K, reserved 1155072K
  class space    used 12653K, capacity 15273K, committed 15400K, reserved 1048576K
}
Event: 37909.856 GC heap before
{Heap before GC invocations=1296 (full 552):
 PSYoungGen      total 84480K, used 2568K [0x00000000f5580000, 0x00000000fa900000, 0x0000000100000000)
  eden space 83456K, 3% used [0x00000000f5580000,0x00000000f5802230,0x00000000fa700000)
  from space 1024K, 0% used [0x00000000fa700000,0x00000000fa700000,0x00000000fa800000)
  to   space 1024K, 0% used [0x00000000fa800000,0x00000000fa800000,0x00000000fa900000)
 ParOldGen       total 166400K, used 76664K [0x00000000e0000000, 0x00000000ea280000, 0x00000000f5580000)
  object space 166400K, 46% used [0x00000000e0000000,0x00000000e4ade3e8,0x00000000ea280000)
 Metaspace       used 111368K, capacity 119620K, committed 120104K, reserved 1155072K
  class space    used 12653K, capacity 15273K, committed 15400K, reserved 1048576K
Event: 37909.860 GC heap after
Heap after GC invocations=1296 (full 552):
 PSYoungGen      total 84480K, used 160K [0x00000000f5580000, 0x00000000fa900000, 0x0000000100000000)
  eden space 83456K, 0% used [0x00000000f5580000,0x00000000f5580000,0x00000000fa700000)
  from space 1024K, 15% used [0x00000000fa800000,0x00000000fa828000,0x00000000fa900000)
  to   space 1024K, 0% used [0x00000000fa700000,0x00000000fa700000,0x00000000fa800000)
 ParOldGen       total 166400K, used 76664K [0x00000000e0000000, 0x00000000ea280000, 0x00000000f5580000)
  object space 166400K, 46% used [0x00000000e0000000,0x00000000e4ade3e8,0x00000000ea280000)
 Metaspace       used 111368K, capacity 119620K, committed 120104K, reserved 1155072K
  class space    used 12653K, capacity 15273K, committed 15400K, reserved 1048576K
}
Event: 37909.860 GC heap before
{Heap before GC invocations=1297 (full 553):
 PSYoungGen      total 84480K, used 160K [0x00000000f5580000, 0x00000000fa900000, 0x0000000100000000)
  eden space 83456K, 0% used [0x00000000f5580000,0x00000000f5580000,0x00000000fa700000)
  from space 1024K, 15% used [0x00000000fa800000,0x00000000fa828000,0x00000000fa900000)
  to   space 1024K, 0% used [0x00000000fa700000,0x00000000fa700000,0x00000000fa800000)
 ParOldGen       total 166400K, used 76664K [0x00000000e0000000, 0x00000000ea280000, 0x00000000f5580000)
  object space 166400K, 46% used [0x00000000e0000000,0x00000000e4ade3e8,0x00000000ea280000)
 Metaspace       used 111368K, capacity 119620K, committed 120104K, reserved 1155072K
  class space    used 12653K, capacity 15273K, committed 15400K, reserved 1048576K
Event: 37909.988 GC heap after
Heap after GC invocations=1297 (full 553):
 PSYoungGen      total 84480K, used 0K [0x00000000f5580000, 0x00000000fa900000, 0x0000000100000000)
  eden space 83456K, 0% used [0x00000000f5580000,0x00000000f5580000,0x00000000fa700000)
  from space 1024K, 0% used [0x00000000fa800000,0x00000000fa800000,0x00000000fa900000)
  to   space 1024K, 0% used [0x00000000fa700000,0x00000000fa700000,0x00000000fa800000)
 ParOldGen       total 166400K, used 76504K [0x00000000e0000000, 0x00000000ea280000, 0x00000000f5580000)
  object space 166400K, 45% used [0x00000000e0000000,0x00000000e4ab6338,0x00000000ea280000)
 Metaspace       used 111368K, capacity 119620K, committed 120104K, reserved 1155072K
  class space    used 12653K, capacity 15273K, committed 15400K, reserved 1048576K
}
Event: 37970.462 GC heap before
{Heap before GC invocations=1298 (full 553):
 PSYoungGen      total 84480K, used 83456K [0x00000000f5580000, 0x00000000fa900000, 0x0000000100000000)
  eden space 83456K, 100% used [0x00000000f5580000,0x00000000fa700000,0x00000000fa700000)
  from space 1024K, 0% used [0x00000000fa800000,0x00000000fa800000,0x00000000fa900000)
  to   space 1024K, 0% used [0x00000000fa700000,0x00000000fa700000,0x00000000fa800000)
 ParOldGen       total 166400K, used 76504K [0x00000000e0000000, 0x00000000ea280000, 0x00000000f5580000)
  object space 166400K, 45% used [0x00000000e0000000,0x00000000e4ab6338,0x00000000ea280000)
 Metaspace       used 111454K, capacity 119626K, committed 120104K, reserved 1155072K
  class space    used 12662K, capacity 15274K, committed 15400K, reserved 1048576K
Event: 37970.486 GC heap after
Heap after GC invocations=1298 (full 553):
 PSYoungGen      total 84480K, used 1008K [0x00000000f5580000, 0x00000000faf80000, 0x0000000100000000)
  eden space 83456K, 0% used [0x00000000f5580000,0x00000000f5580000,0x00000000fa700000)
  from space 1024K, 98% used [0x00000000fa700000,0x00000000fa7fc010,0x00000000fa800000)
  to   space 1536K, 0% used [0x00000000fae00000,0x00000000fae00000,0x00000000faf80000)
 ParOldGen       total 166400K, used 78297K [0x00000000e0000000, 0x00000000ea280000, 0x00000000f5580000)
  object space 166400K, 47% used [0x00000000e0000000,0x00000000e4c765c0,0x00000000ea280000)
 Metaspace       used 111454K, capacity 119626K, committed 120104K, reserved 1155072K
  class space    used 12662K, capacity 15274K, committed 15400K, reserved 1048576K
}

