# JRE version: Java(TM) SE Runtime Environment (8.0_66-b18) (build 1.8.0_66-b18)
# Java VM: Java HotSpot(TM) 64-Bit Server VM (25.66-b18 mixed mode windows-amd64 compressed oops)
Heap:
 PSYoungGen      total 37888K, used 5490K [0x00000000f5580000, 0x00000000f7d80000, 0x0000000100000000)
  eden space 36352K, 10% used [0x00000000f5580000,0x00000000f595d448,0x00000000f7900000)
  from space 1536K, 99% used [0x00000000f7b00000,0x00000000f7c7f618,0x00000000f7c80000)
  to   space 2048K, 0% used [0x00000000f7900000,0x00000000f7900000,0x00000000f7b00000)
 ParOldGen       total 107008K, used 61460K [0x00000000e0000000, 0x00000000e6880000, 0x00000000f5580000)
  object space 107008K, 57% used [0x00000000e0000000,0x00000000e3c05158,0x00000000e6880000)
 Metaspace       used 99392K, capacity 107316K, committed 107544K, reserved 1142784K
  class space    used 11552K, capacity 14065K, committed 14128K, reserved 1048576K
GC Heap History (10 events):
Event: 9693.863 GC heap before
{Heap before GC invocations=170 (full 51):
 PSYoungGen      total 37888K, used 160K [0x00000000f5580000, 0x00000000f7c00000, 0x0000000100000000)
  eden space 36352K, 0% used [0x00000000f5580000,0x00000000f5580000,0x00000000f7900000)
  from space 1536K, 10% used [0x00000000f7900000,0x00000000f7928000,0x00000000f7a80000)
  to   space 1536K, 0% used [0x00000000f7a80000,0x00000000f7a80000,0x00000000f7c00000)
 ParOldGen       total 107008K, used 61443K [0x00000000e0000000, 0x00000000e6880000, 0x00000000f5580000)
  object space 107008K, 57% used [0x00000000e0000000,0x00000000e3c00f80,0x00000000e6880000)
 Metaspace       used 98901K, capacity 106928K, committed 107288K, reserved 1142784K
  class space    used 11499K, capacity 14001K, committed 14128K, reserved 1048576K
Event: 9693.969 GC heap after
Heap after GC invocations=170 (full 51):
 PSYoungGen      total 37888K, used 0K [0x00000000f5580000, 0x00000000f7c00000, 0x0000000100000000)
  eden space 36352K, 0% used [0x00000000f5580000,0x00000000f5580000,0x00000000f7900000)
  from space 1536K, 0% used [0x00000000f7900000,0x00000000f7900000,0x00000000f7a80000)
  to   space 1536K, 0% used [0x00000000f7a80000,0x00000000f7a80000,0x00000000f7c00000)
 ParOldGen       total 107008K, used 61281K [0x00000000e0000000, 0x00000000e6880000, 0x00000000f5580000)
  object space 107008K, 57% used [0x00000000e0000000,0x00000000e3bd8580,0x00000000e6880000)
 Metaspace       used 98901K, capacity 106928K, committed 107288K, reserved 1142784K
  class space    used 11499K, capacity 14001K, committed 14128K, reserved 1048576K
}
Event: 9753.868 GC heap before
{Heap before GC invocations=171 (full 51):
 PSYoungGen      total 37888K, used 1475K [0x00000000f5580000, 0x00000000f7c00000, 0x0000000100000000)
  eden space 36352K, 4% used [0x00000000f5580000,0x00000000f56f0fb8,0x00000000f7900000)
  from space 1536K, 0% used [0x00000000f7900000,0x00000000f7900000,0x00000000f7a80000)
  to   space 1536K, 0% used [0x00000000f7a80000,0x00000000f7a80000,0x00000000f7c00000)
 ParOldGen       total 107008K, used 61281K [0x00000000e0000000, 0x00000000e6880000, 0x00000000f5580000)
  object space 107008K, 57% used [0x00000000e0000000,0x00000000e3bd8580,0x00000000e6880000)
 Metaspace       used 98901K, capacity 106928K, committed 107288K, reserved 1142784K
  class space    used 11499K, capacity 14001K, committed 14128K, reserved 1048576K
Event: 9753.872 GC heap after
Heap after GC invocations=171 (full 51):
 PSYoungGen      total 37888K, used 192K [0x00000000f5580000, 0x00000000f7c00000, 0x0000000100000000)
  eden space 36352K, 0% used [0x00000000f5580000,0x00000000f5580000,0x00000000f7900000)
  from space 1536K, 12% used [0x00000000f7a80000,0x00000000f7ab0000,0x00000000f7c00000)
  to   space 1536K, 0% used [0x00000000f7900000,0x00000000f7900000,0x00000000f7a80000)
 ParOldGen       total 107008K, used 61281K [0x00000000e0000000, 0x00000000e6880000, 0x00000000f5580000)
  object space 107008K, 57% used [0x00000000e0000000,0x00000000e3bd8580,0x00000000e6880000)
 Metaspace       used 98901K, capacity 106928K, committed 107288K, reserved 1142784K
  class space    used 11499K, capacity 14001K, committed 14128K, reserved 1048576K
}
Event: 9753.872 GC heap before
{Heap before GC invocations=172 (full 52):
 PSYoungGen      total 37888K, used 192K [0x00000000f5580000, 0x00000000f7c00000, 0x0000000100000000)
  eden space 36352K, 0% used [0x00000000f5580000,0x00000000f5580000,0x00000000f7900000)
  from space 1536K, 12% used [0x00000000f7a80000,0x00000000f7ab0000,0x00000000f7c00000)
  to   space 1536K, 0% used [0x00000000f7900000,0x00000000f7900000,0x00000000f7a80000)
 ParOldGen       total 107008K, used 61281K [0x00000000e0000000, 0x00000000e6880000, 0x00000000f5580000)
  object space 107008K, 57% used [0x00000000e0000000,0x00000000e3bd8580,0x00000000e6880000)
 Metaspace       used 98901K, capacity 106928K, committed 107288K, reserved 1142784K
  class space    used 11499K, capacity 14001K, committed 14128K, reserved 1048576K
Event: 9754.001 GC heap after
Heap after GC invocations=172 (full 52):
 PSYoungGen      total 37888K, used 0K [0x00000000f5580000, 0x00000000f7c00000, 0x0000000100000000)
  eden space 36352K, 0% used [0x00000000f5580000,0x00000000f5580000,0x00000000f7900000)
  from space 1536K, 0% used [0x00000000f7a80000,0x00000000f7a80000,0x00000000f7c00000)
  to   space 1536K, 0% used [0x00000000f7900000,0x00000000f7900000,0x00000000f7a80000)
 ParOldGen       total 107008K, used 61281K [0x00000000e0000000, 0x00000000e6880000, 0x00000000f5580000)
  object space 107008K, 57% used [0x00000000e0000000,0x00000000e3bd8580,0x00000000e6880000)
 Metaspace       used 98901K, capacity 106928K, committed 107288K, reserved 1142784K
  class space    used 11499K, capacity 14001K, committed 14128K, reserved 1048576K
}
Event: 9801.501 GC heap before
{Heap before GC invocations=173 (full 52):
 PSYoungGen      total 37888K, used 36352K [0x00000000f5580000, 0x00000000f7c00000, 0x0000000100000000)
  eden space 36352K, 100% used [0x00000000f5580000,0x00000000f7900000,0x00000000f7900000)
  from space 1536K, 0% used [0x00000000f7a80000,0x00000000f7a80000,0x00000000f7c00000)
  to   space 1536K, 0% used [0x00000000f7900000,0x00000000f7900000,0x00000000f7a80000)
 ParOldGen       total 107008K, used 61281K [0x00000000e0000000, 0x00000000e6880000, 0x00000000f5580000)
  object space 107008K, 57% used [0x00000000e0000000,0x00000000e3bd8580,0x00000000e6880000)
 Metaspace       used 98981K, capacity 107056K, committed 107288K, reserved 1142784K
  class space    used 11507K, capacity 14001K, committed 14128K, reserved 1048576K
Event: 9801.511 GC heap after
Heap after GC invocations=173 (full 52):
 PSYoungGen      total 37888K, used 512K [0x00000000f5580000, 0x00000000f7c80000, 0x0000000100000000)
  eden space 36352K, 0% used [0x00000000f5580000,0x00000000f5580000,0x00000000f7900000)
  from space 1536K, 33% used [0x00000000f7900000,0x00000000f7980000,0x00000000f7a80000)
  to   space 1536K, 0% used [0x00000000f7b00000,0x00000000f7b00000,0x00000000f7c80000)
 ParOldGen       total 107008K, used 61281K [0x00000000e0000000, 0x00000000e6880000, 0x00000000f5580000)
  object space 107008K, 57% used [0x00000000e0000000,0x00000000e3bd8580,0x00000000e6880000)
 Metaspace       used 98981K, capacity 107056K, committed 107288K, reserved 1142784K
  class space    used 11507K, capacity 14001K, committed 14128K, reserved 1048576K
}
Event: 9803.973 GC heap before
{Heap before GC invocations=174 (full 52):
 PSYoungGen      total 37888K, used 36864K [0x00000000f5580000, 0x00000000f7c80000, 0x0000000100000000)
  eden space 36352K, 100% used [0x00000000f5580000,0x00000000f7900000,0x00000000f7900000)
  from space 1536K, 33% used [0x00000000f7900000,0x00000000f7980000,0x00000000f7a80000)
  to   space 1536K, 0% used [0x00000000f7b00000,0x00000000f7b00000,0x00000000f7c80000)
 ParOldGen       total 107008K, used 61281K [0x00000000e0000000, 0x00000000e6880000, 0x00000000f5580000)
  object space 107008K, 57% used [0x00000000e0000000,0x00000000e3bd8580,0x00000000e6880000)
 Metaspace       used 99269K, capacity 107316K, committed 107544K, reserved 1142784K
  class space    used 11540K, capacity 14065K, committed 14128K, reserved 1048576K
Event: 9803.977 GC heap after
Heap after GC invocations=174 (full 52):
 PSYoungGen      total 37888K, used 1533K [0x00000000f5580000, 0x00000000f7d80000, 0x0000000100000000)
  eden space 36352K, 0% used [0x00000000f5580000,0x00000000f5580000,0x00000000f7900000)
  from space 1536K, 99% used [0x00000000f7b00000,0x00000000f7c7f618,0x00000000f7c80000)
  to   space 2048K, 0% used [0x00000000f7900000,0x00000000f7900000,0x00000000f7b00000)
 ParOldGen       total 107008K, used 61460K [0x00000000e0000000, 0x00000000e6880000, 0x00000000f5580000)
  object space 107008K, 57% used [0x00000000e0000000,0x00000000e3c05158,0x00000000e6880000)
 Metaspace       used 99269K, capacity 107316K, committed 107544K, reserved 1142784K
  class space    used 11540K, capacity 14065K, committed 14128K, reserved 1048576K
}

